<?xml version="1.0" encoding="UTF-8"?>
<!-- Generated by org.testng.reporters.JUnitReportReporter -->
<testsuite hostname="Nandu-Laptop" failures="0" tests="1" name="com.dsalgo.TestCases.Tc_Arrays_004" time="16.754" errors="0" timestamp="2022-05-16T15:40:29 EDT" skipped="0">
  <testcase classname="com.dsalgo.TestCases.Tc_Arrays_004" name="Arrays" time="16.754"/>
  <system-out/>
</testsuite> <!-- com.dsalgo.TestCases.Tc_Arrays_004 -->
