<?xml version="1.0" encoding="UTF-8"?>
<!-- Generated by org.testng.reporters.JUnitReportReporter -->
<testsuite hostname="Nandu-Laptop" failures="0" tests="5" name="com.dsalgo.TestCases.Tc_Queue_005" time="20.919" errors="0" timestamp="2022-05-16T15:40:29 EDT" skipped="0">
  <testcase classname="com.dsalgo.TestCases.Tc_Queue_005" name="Queue2" time="4.610"/>
  <system-out/>
  <testcase classname="com.dsalgo.TestCases.Tc_Queue_005" name="Queue4" time="4.954"/>
  <system-out/>
  <testcase classname="com.dsalgo.TestCases.Tc_Queue_005" name="Queue3" time="4.141"/>
  <system-out/>
  <testcase classname="com.dsalgo.TestCases.Tc_Queue_005" name="Queue" time="2.162"/>
  <system-out/>
  <testcase classname="com.dsalgo.TestCases.Tc_Queue_005" name="Queue1" time="5.052"/>
  <system-out/>
</testsuite> <!-- com.dsalgo.TestCases.Tc_Queue_005 -->
