<?xml version="1.0" encoding="UTF-8"?>
<!-- Generated by org.testng.reporters.JUnitReportReporter -->
<testsuite hostname="Nandu-Laptop" failures="0" tests="1" name="com.dsalgo.TestCases.Tc_Register_002" time="2.129" errors="0" timestamp="2022-05-07T18:08:18 EDT" skipped="0">
  <testcase classname="com.dsalgo.TestCases.Tc_Register_002" name="register" time="2.129"/>
  <system-out/>
</testsuite> <!-- com.dsalgo.TestCases.Tc_Register_002 -->
